<?xml version="1.0" encoding="UTF-8"?>
<testsuite name="com.polarbookshop.catalogservice.domain.BookValidationTests" tests="2" skipped="0" failures="0" errors="0" timestamp="2023-11-21T03:06:22" hostname="wangdeMacBook-Pro.local" time="0.015">
  <properties/>
  <testcase name="whenAllFieldsCorrectThenValidationSuccess()" classname="com.polarbookshop.catalogservice.domain.BookValidationTests" time="0.011"/>
  <testcase name="whenIsbnDefinedButIncorrectThenValidationFails()" classname="com.polarbookshop.catalogservice.domain.BookValidationTests" time="0.003"/>
  <system-out><![CDATA[]]></system-out>
  <system-err><![CDATA[]]></system-err>
</testsuite>
