<?xml version="1.0" encoding="UTF-8"?>
<testsuite name="com.polarbookshop.catalogservice.web.BookJsonTests" tests="2" skipped="0" failures="0" errors="0" timestamp="2023-11-21T03:06:23" hostname="wangdeMacBook-Pro.local" time="0.076">
  <properties/>
  <testcase name="testSerialize()" classname="com.polarbookshop.catalogservice.web.BookJsonTests" time="0.036"/>
  <testcase name="testDeserialize()" classname="com.polarbookshop.catalogservice.web.BookJsonTests" time="0.038"/>
  <system-out><![CDATA[2023-11-21T11:06:23.326+08:00  INFO 8546 --- [    Test worker] t.c.s.AnnotationConfigContextLoaderUtils : Could not detect default configuration classes for test class [com.polarbookshop.catalogservice.web.BookJsonTests]: BookJsonTests does not declare any static, non-private, non-final, nested classes annotated with @Configuration.
2023-11-21T11:06:23.335+08:00  INFO 8546 --- [    Test worker] .b.t.c.SpringBootTestContextBootstrapper : Found @SpringBootConfiguration com.polarbookshop.catalogservice.CatalogServiceApplication for test class com.polarbookshop.catalogservice.web.BookJsonTests

  .   ____          _            __ _ _
 /\\ / ___'_ __ _ _(_)_ __  __ _ \ \ \ \
( ( )\___ | '_ | '_| | '_ \/ _` | \ \ \ \
 \\/  ___)| |_)| | | | | || (_| |  ) ) ) )
  '  |____| .__|_| |_|_| |_\__, | / / / /
 =========|_|==============|___/=/_/_/_/
 :: Spring Boot ::                (v3.1.5)

2023-11-21T11:06:23.374+08:00  INFO 8546 --- [    Test worker] c.p.catalogservice.web.BookJsonTests     : Starting BookJsonTests using Java 17.0.9 with PID 8546 (started by wangxu in /Users/wangxu/work/platform/pros/catalog-service)
2023-11-21T11:06:23.374+08:00  INFO 8546 --- [    Test worker] c.p.catalogservice.web.BookJsonTests     : No active profile set, falling back to 1 default profile: "default"
2023-11-21T11:06:23.470+08:00  INFO 8546 --- [    Test worker] c.p.catalogservice.web.BookJsonTests     : Started BookJsonTests in 0.132 seconds (process running for 4.951)
]]></system-out>
  <system-err><![CDATA[]]></system-err>
</testsuite>
