<?xml version="1.0" encoding="UTF-8"?>
<testsuite name="com.polarbookshop.catalogservice.web.BookControllerMvcTests" tests="1" skipped="0" failures="0" errors="0" timestamp="2023-11-21T03:06:23" hostname="wangdeMacBook-Pro.local" time="0.058">
  <properties/>
  <testcase name="whenGetBookNotExistingThenShouldReturn404()" classname="com.polarbookshop.catalogservice.web.BookControllerMvcTests" time="0.058"/>
  <system-out><![CDATA[2023-11-21T11:06:22.809+08:00  INFO 8546 --- [    Test worker] t.c.s.AnnotationConfigContextLoaderUtils : Could not detect default configuration classes for test class [com.polarbookshop.catalogservice.web.BookControllerMvcTests]: BookControllerMvcTests does not declare any static, non-private, non-final, nested classes annotated with @Configuration.
2023-11-21T11:06:22.826+08:00  INFO 8546 --- [    Test worker] .b.t.c.SpringBootTestContextBootstrapper : Found @SpringBootConfiguration com.polarbookshop.catalogservice.CatalogServiceApplication for test class com.polarbookshop.catalogservice.web.BookControllerMvcTests

  .   ____          _            __ _ _
 /\\ / ___'_ __ _ _(_)_ __  __ _ \ \ \ \
( ( )\___ | '_ | '_| | '_ \/ _` | \ \ \ \
 \\/  ___)| |_)| | | | | || (_| |  ) ) ) )
  '  |____| .__|_| |_|_| |_\__, | / / / /
 =========|_|==============|___/=/_/_/_/
 :: Spring Boot ::                (v3.1.5)

2023-11-21T11:06:22.847+08:00  INFO 8546 --- [    Test worker] c.p.c.web.BookControllerMvcTests         : Starting BookControllerMvcTests using Java 17.0.9 with PID 8546 (started by wangxu in /Users/wangxu/work/platform/pros/catalog-service)
2023-11-21T11:06:22.848+08:00  INFO 8546 --- [    Test worker] c.p.c.web.BookControllerMvcTests         : No active profile set, falling back to 1 default profile: "default"
2023-11-21T11:06:23.230+08:00  INFO 8546 --- [    Test worker] o.s.b.t.m.w.SpringBootMockServletContext : Initializing Spring TestDispatcherServlet ''
2023-11-21T11:06:23.230+08:00  INFO 8546 --- [    Test worker] o.s.t.web.servlet.TestDispatcherServlet  : Initializing Servlet ''
2023-11-21T11:06:23.231+08:00  INFO 8546 --- [    Test worker] o.s.t.web.servlet.TestDispatcherServlet  : Completed initialization in 1 ms
2023-11-21T11:06:23.250+08:00  INFO 8546 --- [    Test worker] c.p.c.web.BookControllerMvcTests         : Started BookControllerMvcTests in 0.418 seconds (process running for 4.73)
]]></system-out>
  <system-err><![CDATA[]]></system-err>
</testsuite>
